2023-02-21 18:03:51.301 -0500 [debug] ([34mconfigs.js[0m) [31mloaded default configs as "{"updates":{"manifest_url":"https://ws.freshdev.io/cli/updates.json","period":24},"log":{"level":"info"},"javascript":{"ecma_version":2020},"request":{"timeout":5000}}"[0m
2023-02-21 18:03:51.307 -0500 [debug] ([34mfile-util.js[0m) [31mError while requiring /Users/rolentle/.fdk/configs.json: Cannot find module '/Users/rolentle/.fdk/configs.json'
Require stack:
- /Users/rolentle/.nvm/versions/node/v14.21.2/lib/node_modules/fdk/lib/utils/file-util.js
- /Users/rolentle/.nvm/versions/node/v14.21.2/lib/node_modules/fdk/lib/configs.js
- /Users/rolentle/.nvm/versions/node/v14.21.2/lib/node_modules/fdk/lib/logger.js
- /Users/rolentle/.nvm/versions/node/v14.21.2/lib/node_modules/fdk/index.js[0m
2023-02-21 18:03:51.308 -0500 [debug] ([34mconfigs.js[0m) [31mloaded global configs as "{}"[0m
2023-02-21 18:03:51.308 -0500 [debug] ([34mfile-util.js[0m) [31mError while requiring /Users/rolentle/code/great_bend/example_full_page_app_freshdesk/.fdk/configs.json: Cannot find module '/Users/rolentle/code/great_bend/example_full_page_app_freshdesk/.fdk/configs.json'
Require stack:
- /Users/rolentle/.nvm/versions/node/v14.21.2/lib/node_modules/fdk/lib/utils/file-util.js
- /Users/rolentle/.nvm/versions/node/v14.21.2/lib/node_modules/fdk/lib/configs.js
- /Users/rolentle/.nvm/versions/node/v14.21.2/lib/node_modules/fdk/lib/logger.js
- /Users/rolentle/.nvm/versions/node/v14.21.2/lib/node_modules/fdk/index.js[0m
2023-02-21 18:03:51.308 -0500 [debug] ([34mconfigs.js[0m) [31mloaded local configs as "{}"[0m
2023-02-21 18:03:51.308 -0500 [debug] ([34mconfigs.js[0m) [31mloaded env configs as "{"updates":{},"log":{},"javascript":{},"request":{"timeout":5000}}"[0m
2023-02-21 18:03:51.308 -0500 [debug] ([34mconfigs.js[0m) [31mloaded resolved configs as "{"updates":{"manifest_url":"https://ws.freshdev.io/cli/updates.json","period":24},"log":{"level":"info"},"javascript":{"ecma_version":2020},"request":{"timeout":5000}}"[0m
2023-02-21 18:03:51.308 -0500 [debug] ([34mlogger.js[0m) [31mStarting FDK in node v14.21.2 on darwin[0m
2023-02-21 18:03:51.308 -0500 [debug] ([34msequelize.js[0m) [31msetting up sqilite at "/Users/rolentle/code/great_bend/example_full_page_app_freshdesk/.fdk/store.sqlite"[0m
2023-02-21 18:03:51.308 -0500 [debug] ([34mindex.js[0m) [31mRunning with args {"cmd":"create","gopts":{},"opts":{},"goptArg":{},"optArg":{},"args":[]}[0m
2023-02-21 18:03:51.309 -0500 [debug] ([34mdata-util.js[0m) [31mRead {"version_details":{"cli":{"deprecated":{"version":"<8","message":"This FDK version will be deprecated by September 30, 2022. There will be no further feature updates to this version. For a seamless app building experience, ensure to move to the latest FDK version. For more information, see https://community.developers.freshworks.com/t/5433."},"forced":{"version":"7.0.0","command":"npm install https://dl.freshdev.io/cli/fdk-7.0.0.tgz -g","message":"Your FDK version has been forced updated to v7.0.0, please visit https://community.developers.freshworks.com/t/fdk-v7-0-announcing-node-js-v12-and-es6-support/3606 to know more"},"latest":{"version":"8.6.7","command":"npm install https://dl.freshdev.io/cli/fdk.tgz -g","message":""}},"addon":{"version":"1.11.2","url":"https://dl.freshdev.io/cli-addon/addon.zip"}},"last_updated":{"time_stamp":1676939514215}}[0m
2023-02-21 18:03:51.309 -0500 [debug] ([34mupdater.js[0m) [31mlast check less than 24 hours ago, not looking for updates[0m
2023-02-21 18:03:51.320 -0500 [debug] ([34mdata-util.js[0m) [31mRead {"version_details":{"cli":{"deprecated":{"version":"<8","message":"This FDK version will be deprecated by September 30, 2022. There will be no further feature updates to this version. For a seamless app building experience, ensure to move to the latest FDK version. For more information, see https://community.developers.freshworks.com/t/5433."},"forced":{"version":"7.0.0","command":"npm install https://dl.freshdev.io/cli/fdk-7.0.0.tgz -g","message":"Your FDK version has been forced updated to v7.0.0, please visit https://community.developers.freshworks.com/t/fdk-v7-0-announcing-node-js-v12-and-es6-support/3606 to know more"},"latest":{"version":"8.6.7","command":"npm install https://dl.freshdev.io/cli/fdk.tgz -g","message":""}},"addon":{"version":"1.11.2","url":"https://dl.freshdev.io/cli-addon/addon.zip"}},"last_updated":{"time_stamp":1676939514215}}[0m
2023-02-21 18:03:51.325 -0500 [debug] ([34mcreate.js[0m) [31m'init' called with /Users/rolentle/code/great_bend/example_full_page_app_freshdesk, undefined, undefined[0m
2023-02-21 18:03:59.638 -0500 [debug] ([34mcreate.js[0m) [31mInitializing template "your_first_react_app" with product "freshdesk".[0m
2023-02-21 18:03:59.679 -0500 [info] A new Freshdesk app was successfully created from template "your_first_react_app" with the following files.

